[    0.000000] Initializing cgroup subsys cpuset
[    0.000000] Initializing cgroup subsys cpu
[    0.000000] Initializing cgroup subsys cpuacct
[    0.000000] Linux version 4.4.0-210-generic (buildd@lgw01-amd64-037) (gcc version 5.4.0 20160609 (Ubuntu 5.4.0-6ubuntu1~16.04.12) ) #242-Ubuntu SMP Fri Apr 16 09:57:00 UTC 2021 (Ubuntu 4.4.0-210.242-generic 4.4.262)
[    0.000000] KERNEL supported cpus:
[    0.000000]   Intel GenuineIntel
[    0.000000]   AMD AuthenticAMD
[    0.000000]   NSC Geode by NSC
[    0.000000]   Cyrix CyrixInstead
[    0.000000]   Centaur CentaurHauls
[    0.000000]   Transmeta GenuineTMx86
[    0.000000]   Transmeta TransmetaCPU
[    0.000000]   UMC UMC UMC UMC
[    0.000000] x86/fpu: xstate_offset[2]:  576, xstate_sizes[2]:  256
[    0.000000] x86/fpu: Supporting XSAVE feature 0x01: 'x87 floating point registers'
[    0.000000] x86/fpu: Supporting XSAVE feature 0x02: 'SSE registers'
[    0.000000] x86/fpu: Supporting XSAVE feature 0x04: 'AVX registers'
[    0.000000] x86/fpu: Enabled xstate features 0x7, context size is 832 bytes, using 'standard' format.
[    0.000000] e820: BIOS-provided physical RAM map:
[    0.000000] BIOS-e820: [mem 0x0000000000000000-0x000000000009fbff] usable
[    0.000000] BIOS-e820: [mem 0x000000000009fc00-0x000000000009ffff] reserved
[    0.000000] BIOS-e820: [mem 0x00000000000f0000-0x00000000000fffff] reserved
[    0.000000] BIOS-e820: [mem 0x0000000000100000-0x000000003ffeffff] usable
[    0.000000] BIOS-e820: [mem 0x000000003fff0000-0x000000003fffffff] ACPI data
[    0.000000] BIOS-e820: [mem 0x00000000fec00000-0x00000000fec00fff] reserved
[    0.000000] BIOS-e820: [mem 0x00000000fee00000-0x00000000fee00fff] reserved
[    0.000000] BIOS-e820: [mem 0x00000000fffc0000-0x00000000ffffffff] reserved
[    0.000000] NX (Execute Disable) protection: active
[    0.000000] SMBIOS 2.5 present.
[    0.000000] Hypervisor detected: KVM
[    0.000000] e820: last_pfn = 0x3fff0 max_arch_pfn = 0x1000000
[    0.000000] MTRR: Disabled
[    0.000000] x86/PAT: MTRRs disabled, skipping PAT initialization too.
[    0.000000] CPU MTRRs all blank - virtualized system.
[    0.000000] x86/PAT: Configuration [0-7]: WB  WT  UC- UC  WB  WT  UC- UC  
[    0.000000] found SMP MP-table at [mem 0x0009fff0-0x0009ffff] mapped at [c009fff0]
[    0.000000] Scanning 1 areas for low memory corruption
[    0.000000] RAMDISK: [mem 0x363a4000-0x371c9fff]
[    0.000000] ACPI: Early table checksum verification disabled
[    0.000000] ACPI: RSDP 0x00000000000E0000 000024 (v02 VBOX  )
[    0.000000] ACPI: XSDT 0x000000003FFF0030 00003C (v01 VBOX   VBOXXSDT 00000001 ASL  00000061)
[    0.000000] ACPI: FACP 0x000000003FFF00F0 0000F4 (v04 VBOX   VBOXFACP 00000001 ASL  00000061)
[    0.000000] ACPI: DSDT 0x000000003FFF0470 002325 (v02 VBOX   VBOXBIOS 00000002 INTL 20100528)
[    0.000000] ACPI: FACS 0x000000003FFF0200 000040
[    0.000000] ACPI: FACS 0x000000003FFF0200 000040
[    0.000000] ACPI: APIC 0x000000003FFF0240 00005C (v02 VBOX   VBOXAPIC 00000001 ASL  00000061)
[    0.000000] ACPI: SSDT 0x000000003FFF02A0 0001CC (v01 VBOX   VBOXCPUT 00000002 INTL 20100528)
[    0.000000] 131MB HIGHMEM available.
[    0.000000] 891MB LOWMEM available.
[    0.000000]   mapped low ram: 0 - 37bfe000
[    0.000000]   low ram: 0 - 37bfe000
[    0.000000] kvm-clock: Using msrs 4b564d01 and 4b564d00
[    0.000000] kvm-clock: cpu 0, msr 0:37bfd001, primary cpu clock
[    0.000000] kvm-clock: using sched offset of 2944620197 cycles
[    0.000000] clocksource: kvm-clock: mask: 0xffffffffffffffff max_cycles: 0x1cd42e4dffb, max_idle_ns: 881590591483 ns
[    0.000000] Zone ranges:
[    0.000000]   DMA      [mem 0x0000000000001000-0x0000000000ffffff]
[    0.000000]   Normal   [mem 0x0000000001000000-0x0000000037bfdfff]
[    0.000000]   HighMem  [mem 0x0000000037bfe000-0x000000003ffeffff]
[    0.000000] Movable zone start for each node
[    0.000000] Early memory node ranges
[    0.000000]   node   0: [mem 0x0000000000001000-0x000000000009efff]
[    0.000000]   node   0: [mem 0x0000000000100000-0x000000003ffeffff]
[    0.000000] Initmem setup node 0 [mem 0x0000000000001000-0x000000003ffeffff]
[    0.000000] Using APIC driver default
[    0.000000] ACPI: PM-Timer IO Port: 0x4008
[    0.000000] IOAPIC[0]: apic_id 2, version 32, address 0xfec00000, GSI 0-23
[    0.000000] ACPI: INT_SRC_OVR (bus 0 bus_irq 0 global_irq 2 dfl dfl)
[    0.000000] ACPI: INT_SRC_OVR (bus 0 bus_irq 9 global_irq 9 low level)
[    0.000000] Using ACPI (MADT) for SMP configuration information
[    0.000000] smpboot: Allowing 2 CPUs, 0 hotplug CPUs
[    0.000000] PM: Registered nosave memory: [mem 0x00000000-0x00000fff]
[    0.000000] PM: Registered nosave memory: [mem 0x0009f000-0x0009ffff]
[    0.000000] PM: Registered nosave memory: [mem 0x000a0000-0x000effff]
[    0.000000] PM: Registered nosave memory: [mem 0x000f0000-0x000fffff]
[    0.000000] e820: [mem 0x40000000-0xfebfffff] available for PCI devices
[    0.000000] Booting paravirtualized kernel on KVM
[    0.000000] clocksource: refined-jiffies: mask: 0xffffffff max_cycles: 0xffffffff, max_idle_ns: 7645519600211568 ns
[    0.000000] setup_percpu: NR_CPUS:8 nr_cpumask_bits:8 nr_cpu_ids:2 nr_node_ids:1
[    0.000000] PERCPU: Embedded 18 pages/cpu @f6380000 s42956 r0 d30772 u73728
[    0.000000] Built 1 zonelists in Zone order, mobility grouping on.  Total pages: 259800
[    0.000000] Kernel command line: BOOT_IMAGE=/boot/vmlinuz-4.4.0-210-generic root=LABEL=cloudimg-rootfs ro console=tty1 console=ttyS0
[    0.000000] PID hash table entries: 4096 (order: 2, 16384 bytes)
[    0.000000] Dentry cache hash table entries: 131072 (order: 7, 524288 bytes)
[    0.000000] Inode-cache hash table entries: 65536 (order: 6, 262144 bytes)
[    0.000000] Initializing CPU#0
[    0.000000] Initializing HighMem for node 0 (00037bfe:0003fff0)
[    0.000000] Initializing Movable for node 0 (00000000:00000000)
[    0.000000] Memory: 1008264K/1048120K available (8151K kernel code, 787K rwdata, 3216K rodata, 944K init, 724K bss, 39856K reserved, 0K cma-reserved, 135112K highmem)
[    0.000000] virtual kernel memory layout:
[    0.000000]     fixmap  : 0xfff15000 - 0xfffff000   ( 936 kB)
[    0.000000]     pkmap   : 0xffc00000 - 0xffe00000   (2048 kB)
[    0.000000]     vmalloc : 0xf83fe000 - 0xffbfe000   ( 120 MB)
[    0.000000]     lowmem  : 0xc0000000 - 0xf7bfe000   ( 891 MB)
[    0.000000]       .init : 0xc1be2000 - 0xc1cce000   ( 944 kB)
[    0.000000]       .data : 0xc17f61b8 - 0xc1be0d40   (4010 kB)
[    0.000000]       .text : 0xc1000000 - 0xc17f61b8   (8152 kB)
[    0.000000] Checking if this processor honours the WP bit even in supervisor mode...Ok.
[    0.000000] SLUB: HWalign=64, Order=0-3, MinObjects=0, CPUs=2, Nodes=1
[    0.000000] Hierarchical RCU implementation.
[    0.000000] 	Build-time adjustment of leaf fanout to 32.
[    0.000000] 	RCU restricting CPUs from NR_CPUS=8 to nr_cpu_ids=2.
[    0.000000] RCU: Adjusting geometry for rcu_fanout_leaf=32, nr_cpu_ids=2
[    0.000000] NR_IRQS:2304 nr_irqs:440 16
[    0.000000] Console: colour VGA+ 80x25
[    0.000000] console [tty1] enabled
[    0.000000] console [ttyS0] enabled
[    0.000000] allocated 1048576 bytes of page_ext
[    0.000000] tsc: Detected 2592.006 MHz processor
[    0.107909] Calibrating delay loop (skipped) preset value.. 5184.01 BogoMIPS (lpj=10368024)
[    0.108929] pid_max: default: 32768 minimum: 301
[    0.109500] ACPI: Core revision 20150930
[    0.110536] ACPI: 2 ACPI AML tables successfully acquired and loaded
[    0.111310] Security Framework initialized
[    0.111856] Yama: becoming mindful.
[    0.112326] AppArmor: AppArmor initialized
[    0.112832] Mount-cache hash table entries: 2048 (order: 1, 8192 bytes)
[    0.113521] Mountpoint-cache hash table entries: 2048 (order: 1, 8192 bytes)
[    0.114364] Initializing cgroup subsys io
[    0.114868] Initializing cgroup subsys memory
[    0.115380] Initializing cgroup subsys devices
[    0.115938] Initializing cgroup subsys freezer
[    0.116458] Initializing cgroup subsys net_cls
[    0.116979] Initializing cgroup subsys perf_event
[    0.117554] Initializing cgroup subsys net_prio
[    0.118079] Initializing cgroup subsys hugetlb
[    0.118599] Initializing cgroup subsys pids
[    0.123899] mce: CPU supports 0 MCE banks
[    0.124428] Last level iTLB entries: 4KB 0, 2MB 0, 4MB 0
[    0.125026] Last level dTLB entries: 4KB 0, 2MB 0, 4MB 0, 1GB 0
[    0.125685] Spectre V1 : Mitigation: usercopy/swapgs barriers and __user pointer sanitization
[    0.126716] Spectre V2 : Mitigation: Full generic retpoline
[    0.127446] Spectre V2 : Spectre v2 / SpectreRSB mitigation: Filling RSB on context switch
[    0.128667] Speculative Store Bypass: Vulnerable
[    0.132045] Freeing SMP alternatives memory: 36K
[    0.136690] ftrace: allocating 31668 entries in 62 pages
[    0.189611] smpboot: APIC(0) Converting physical 0 to logical package 0
[    0.190522] smpboot: Max logical packages: 1
[    0.191160] Enabling APIC mode:  Flat.  Using 1 I/O APICs
[    0.192772] ..TIMER: vector=0x30 apic1=0 pin1=2 apic2=-1 pin2=-1
[    0.301531] smpboot: CPU0: 11th Gen Intel(R) Core(TM) i5-11400F @ 2.60GHz (family: 0x6, model: 0xa7, stepping: 0x1)
[    0.303045] Performance Events: unsupported p6 CPU model 167 no PMU driver, software events only.
[    0.310441] KVM setup paravirtual spinlock
[    0.311557] x86: Booting SMP configuration:
[    0.312063] .... node  #0, CPUs:      #1
[1266874886.764931] Initializing CPU#1
[    0.313007] kvm-clock: cpu 1, msr 0:37bfd041, secondary cpu clock
[    0.318342] mce: CPU supports 0 MCE banks
[    0.320767] x86: Booted up 1 node, 2 CPUs
[    0.321437] smpboot: Total of 2 processors activated (10368.02 BogoMIPS)
[    0.322468] devtmpfs: initialized
[    0.323039] evm: security.selinux
[    0.323497] evm: security.SMACK64
[    0.323932] evm: security.SMACK64EXEC
[    0.324422] evm: security.SMACK64TRANSMUTE
[    0.324914] evm: security.SMACK64MMAP
[    0.325377] evm: security.ima
[    0.325792] evm: security.capability
[    0.326410] clocksource: jiffies: mask: 0xffffffff max_cycles: 0xffffffff, max_idle_ns: 7645041785100000 ns
[    0.327494] futex hash table entries: 512 (order: 3, 32768 bytes)
[    0.328263] pinctrl core: initialized pinctrl subsystem
[    0.328932] RTC time:  5:07:51, date: 07/04/22
[    0.329624] NET: Registered protocol family 16
[    0.330260] EISA bus registered
[    0.342875] cpuidle: using governor ladder
[    0.355593] cpuidle: using governor menu
[    0.356196] PCCT header not found.
[    0.356807] ACPI: bus type PCI registered
[    0.357309] acpiphp: ACPI Hot Plug PCI Controller Driver version: 0.5
[    0.358165] PCI : PCI BIOS area is rw and x. Use pci=nobios if you want it NX.
[    0.359043] PCI: PCI BIOS revision 2.10 entry at 0xfda26, last bus=0
[    0.359742] PCI: Using configuration type 1 for base access
[    0.371968] ACPI: Added _OSI(Module Device)
[    0.372634] ACPI: Added _OSI(Processor Device)
[    0.373197] ACPI: Added _OSI(3.0 _SCP Extensions)
[    0.373757] ACPI: Added _OSI(Processor Aggregator Device)
[    0.374834] ACPI: Executed 1 blocks of module-level executable AML code
[    0.376904] ACPI: Interpreter enabled
[    0.377526] ACPI: (supports S0 S5)
[    0.377978] ACPI: Using IOAPIC for interrupt routing
[    0.378649] PCI: Using host bridge windows from ACPI; if necessary, use "pci=nocrs" and report a bug
[    0.388045] ACPI: PCI Root Bridge [PCI0] (domain 0000 [bus 00-ff])
[    0.388745] acpi PNP0A03:00: _OSC: OS supports [ASPM ClockPM Segments MSI]
[    0.389698] acpi PNP0A03:00: _OSC: not requesting OS control; OS requires [ExtendedConfig ASPM ClockPM MSI]
[    0.390806] acpi PNP0A03:00: fail to add MMCONFIG information, can't access extended PCI configuration space under this bridge.
[    0.392243] PCI host bridge to bus 0000:00
[    0.392763] pci_bus 0000:00: root bus resource [io  0x0000-0x0cf7 window]
[    0.393480] pci_bus 0000:00: root bus resource [io  0x0d00-0xffff window]
[    0.394236] pci_bus 0000:00: root bus resource [mem 0x000a0000-0x000bffff window]
[    0.395152] pci_bus 0000:00: root bus resource [mem 0x40000000-0xfdffffff window]
[    0.396109] pci_bus 0000:00: root bus resource [bus 00-ff]
[    0.397717] pci 0000:00:01.1: legacy IDE quirk: reg 0x10: [io  0x01f0-0x01f7]
[    0.398516] pci 0000:00:01.1: legacy IDE quirk: reg 0x14: [io  0x03f6]
[    0.399221] pci 0000:00:01.1: legacy IDE quirk: reg 0x18: [io  0x0170-0x0177]
[    0.399990] pci 0000:00:01.1: legacy IDE quirk: reg 0x1c: [io  0x0376]
[    0.408390] pci 0000:00:07.0: quirk: [io  0x4000-0x403f] claimed by PIIX4 ACPI
[    0.409498] pci 0000:00:07.0: quirk: [io  0x4100-0x410f] claimed by PIIX4 SMB
[    0.412837] ACPI: PCI Interrupt Link [LNKA] (IRQs 5 9 10 *11)
[    0.413927] ACPI: PCI Interrupt Link [LNKB] (IRQs 5 9 *10 11)
[    0.414893] ACPI: PCI Interrupt Link [LNKC] (IRQs 5 *9 10 11)
[    0.415839] ACPI: PCI Interrupt Link [LNKD] (IRQs 5 9 10 *11)
[    0.416817] ACPI: Enabled 2 GPEs in block 00 to 07
[    0.417662] vgaarb: setting as boot device: PCI:0000:00:02.0
[    0.418299] vgaarb: device added: PCI:0000:00:02.0,decodes=io+mem,owns=io+mem,locks=none
[    0.419365] vgaarb: loaded
[    0.419758] vgaarb: bridge control possible 0000:00:02.0
[    0.420529] SCSI subsystem initialized
[    0.421138] ACPI: bus type USB registered
[    0.421658] usbcore: registered new interface driver usbfs
[    0.422297] usbcore: registered new interface driver hub
[    0.422930] usbcore: registered new device driver usb
[    0.423790] PCI: Using ACPI for IRQ routing
[    0.424488] NetLabel: Initializing
[    0.424959] NetLabel:  domain hash size = 128
[    0.425484] NetLabel:  protocols = UNLABELED CIPSOv4
[    0.426091] NetLabel:  unlabeled traffic allowed by default
[    0.426994] amd_nb: Cannot enumerate AMD northbridges
[    0.427633] clocksource: Switched to clocksource kvm-clock
[    0.435328] AppArmor: AppArmor Filesystem Enabled
[    0.435968] pnp: PnP ACPI init
[    0.436823] pnp: PnP ACPI: found 3 devices
[    0.437338] PnPBIOS: Disabled by ACPI PNP
[    0.476738] clocksource: acpi_pm: mask: 0xffffff max_cycles: 0xffffff, max_idle_ns: 2085701024 ns
[    0.478001] NET: Registered protocol family 2
[    0.478740] TCP established hash table entries: 8192 (order: 3, 32768 bytes)
[    0.479549] TCP bind hash table entries: 8192 (order: 4, 65536 bytes)
[    0.480297] TCP: Hash tables configured (established 8192 bind 8192)
[    0.480999] UDP hash table entries: 512 (order: 2, 16384 bytes)
[    0.481653] UDP-Lite hash table entries: 512 (order: 2, 16384 bytes)
[    0.482389] NET: Registered protocol family 1
[    0.482933] pci 0000:00:00.0: Limiting direct PCI/PCI transfers
[    0.483596] pci 0000:00:01.0: Activating ISA DMA hang workarounds
[    0.484527] Unpacking initramfs...
[    0.670251] Freeing initrd memory: 14488K
[    0.671068] clocksource: tsc: mask: 0xffffffffffffffff max_cycles: 0x255cbc978bf, max_idle_ns: 440795251759 ns
[    0.672434] platform rtc_cmos: registered platform RTC device (no PNP device found)
[    0.673392] Scanning for low memory corruption every 60 seconds
[    0.674349] audit: initializing netlink subsys (disabled)
[    0.674981] audit: type=2000 audit(1656911275.763:1): initialized
[    0.675791] Initialise system trusted keyring
[    0.676626] HugeTLB registered 2 MB page size, pre-allocated 0 pages
[    0.678075] zbud: loaded
[    0.678629] VFS: Disk quotas dquot_6.6.0
[    0.679161] VFS: Dquot-cache hash table entries: 1024 (order 0, 4096 bytes)
[    0.680027] squashfs: version 4.0 (2009/01/31) Phillip Lougher
[    0.680901] fuse init (API version 7.23)
[    0.681476] Key type big_key registered
[    0.681980] Allocating IMA MOK and blacklist keyrings.
[    0.684547] Key type asymmetric registered
[    0.685071] Asymmetric key parser 'x509' registered
[    0.685643] bounce: pool size: 64 pages
[    0.686155] Block layer SCSI generic (bsg) driver version 0.4 loaded (major 249)
[    0.687146] io scheduler noop registered
[    0.687656] io scheduler deadline registered (default)
[    0.688278] io scheduler cfq registered
[    0.688827] pci_hotplug: PCI Hot Plug PCI Core version: 0.5
[    0.689481] pciehp: PCI Express Hot Plug Controller Driver version: 0.4
[    0.690284] ACPI: AC Adapter [AC] (on-line)
[    0.690835] input: Power Button as /devices/LNXSYSTM:00/LNXPWRBN:00/input/input0
[    0.691728] ACPI: Power Button [PWRF]
[    0.692277] input: Sleep Button as /devices/LNXSYSTM:00/LNXSLPBN:00/input/input1
[    0.693188] ACPI: Sleep Button [SLPF]
[    0.693846] GHES: HEST is not enabled!
[    0.694332] isapnp: Scanning for PnP cards...
[    0.699723] Serial: 8250/16550 driver, 32 ports, IRQ sharing enabled
[    0.720764] 00:02: ttyS0 at I/O 0x3f8 (irq = 4, base_baud = 115200) is a 16550A
[    0.722501] Linux agpgart interface v0.103
[    0.726381] loop: module loaded
[    0.727202] scsi host0: ata_piix
[    0.727730] scsi host1: ata_piix
[    0.728204] ata1: PATA max UDMA/33 cmd 0x1f0 ctl 0x3f6 bmdma 0xd000 irq 14
[    0.728943] ata2: PATA max UDMA/33 cmd 0x170 ctl 0x376 bmdma 0xd008 irq 15
[    0.729738] libphy: Fixed MDIO Bus: probed
[    0.730278] tun: Universal TUN/TAP device driver, 1.6
[    0.730870] tun: (C) 1999-2004 Max Krasnyansky <maxk@qualcomm.com>
[    0.731590] PPP generic driver version 2.4.2
[    0.732191] ehci_hcd: USB 2.0 'Enhanced' Host Controller (EHCI) Driver
[    0.732928] ehci-pci: EHCI PCI platform driver
[    0.733483] ehci-platform: EHCI generic platform driver
[    0.734092] ohci_hcd: USB 1.1 'Open' Host Controller (OHCI) Driver
[    0.734792] ohci-pci: OHCI PCI platform driver
[    0.735332] ohci-platform: OHCI generic platform driver
[    0.736013] uhci_hcd: USB Universal Host Controller Interface driver
[    0.736892] i8042: PNP: PS/2 Controller [PNP0303:PS2K,PNP0f03:PS2M] at 0x60,0x64 irq 1,12
[    0.738415] serio: i8042 KBD port at 0x60,0x64 irq 1
[    0.739033] serio: i8042 AUX port at 0x60,0x64 irq 12
[    0.739707] mousedev: PS/2 mouse device common for all mice
[    0.740667] rtc_cmos rtc_cmos: rtc core: registered rtc_cmos as rtc0
[    0.741429] input: AT Translated Set 2 keyboard as /devices/platform/i8042/serio0/input/input2
[    0.742586] rtc_cmos rtc_cmos: alarms up to one day, 114 bytes nvram
[    0.743296] i2c /dev entries driver
[    0.743814] device-mapper: uevent: version 1.0.3
[    0.744405] device-mapper: ioctl: 4.34.0-ioctl (2015-10-28) initialised: dm-devel@redhat.com
[    0.745427] platform eisa.0: Probing EISA bus 0
[    0.745992] platform eisa.0: EISA: Cannot allocate resource for mainboard
[    0.746885] platform eisa.0: Cannot allocate resource for EISA slot 1
[    0.747605] platform eisa.0: Cannot allocate resource for EISA slot 2
[    0.748346] platform eisa.0: Cannot allocate resource for EISA slot 3
[    0.749061] platform eisa.0: Cannot allocate resource for EISA slot 4
[    0.749779] platform eisa.0: Cannot allocate resource for EISA slot 5
[    0.750498] platform eisa.0: Cannot allocate resource for EISA slot 6
[    0.751208] platform eisa.0: Cannot allocate resource for EISA slot 7
[    0.751951] platform eisa.0: Cannot allocate resource for EISA slot 8
[    0.752670] platform eisa.0: EISA: Detected 0 cards
[    0.753272] cpufreq-nforce2: No nForce2 chipset.
[    0.753837] ledtrig-cpu: registered to indicate activity on CPUs
[    0.754666] NET: Registered protocol family 10
[    0.755333] NET: Registered protocol family 17
[    0.755910] Key type dns_resolver registered
[    0.756534] Using IPI No-Shortcut mode
[    0.757092] registered taskstats version 1
[    0.757628] Loading compiled-in X.509 certificates
[    0.759359] Loaded X.509 cert 'Build time autogenerated kernel key: 20ac0ed02049a72ce76c079ea50dd43d3ac5969c'
[    0.760528] zswap: loaded using pool lzo/zbud
[    0.761970] Key type trusted registered
[    0.763997] Key type encrypted registered
[    0.764525] AppArmor: AppArmor sha1 policy hashing enabled
[    0.765151] ima: No TPM chip found, activating TPM-bypass!
[    0.765789] ima: Allocated hash algorithm: sha1
[    0.766363] evm: HMAC attrs: 0x1
[    0.766940]   Magic number: 14:896:111
[    0.767590] rtc_cmos rtc_cmos: setting system clock to 2022-07-04 05:07:51 UTC (1656911271)
[    0.768688] BIOS EDD facility v0.16 2004-Jun-25, 0 devices found
[    0.769373] EDD information not available.
[    1.051591] isapnp: No Plug & Play device found
[    1.052446] Freeing unused kernel memory: 944K
[    1.541025] Write protecting the kernel text: 8156k
[    1.545149] Write protecting the kernel read-only data: 3220k
[    1.548469] NX-protecting the kernel data: 6180k
Loading, please wait...
starting version 229
[    1.562935] random: systemd-udevd: uninitialized urandom read (16 bytes read, 0 bits of entropy available)
[    1.563267] random: udevadm: uninitialized urandom read (16 bytes read, 0 bits of entropy available)
[    1.565507] random: systemd-udevd: uninitialized urandom read (16 bytes read, 0 bits of entropy available)
[    1.566630] random: systemd-udevd: uninitialized urandom read (16 bytes read, 0 bits of entropy available)
[    1.569940] random: systemd-udevd: uninitialized urandom read (16 bytes read, 0 bits of entropy available)
[    1.570071] random: udevadm: uninitialized urandom read (16 bytes read, 0 bits of entropy available)
[    1.570103] random: udevadm: uninitialized urandom read (16 bytes read, 0 bits of entropy available)
[    1.570202] random: udevadm: uninitialized urandom read (16 bytes read, 0 bits of entropy available)
[    1.570238] random: udevadm: uninitialized urandom read (16 bytes read, 0 bits of entropy available)
[    1.570273] random: udevadm: uninitialized urandom read (16 bytes read, 0 bits of entropy available)
[    1.595013] e1000: Intel(R) PRO/1000 Network Driver - version 7.3.21-k8-NAPI
[    1.595841] e1000: Copyright (c) 1999-2006 Intel Corporation.
[    1.602148] Fusion MPT base driver 3.04.20
[    1.602680] Copyright (c) 1999-2008 LSI Corporation
[    1.621877] Fusion MPT SPI Host driver 3.04.20
[    1.812710] input: ImExPS/2 Generic Explorer Mouse as /devices/platform/i8042/serio1/input/input4
[    1.930611] e1000 0000:00:03.0 eth0: (PCI:33MHz:32-bit) 02:4c:f1:9f:ae:47
[    1.931536] e1000 0000:00:03.0 eth0: Intel(R) PRO/1000 Network Connection
[    1.933372] e1000 0000:00:03.0 enp0s3: renamed from eth0
[    1.934270] mptbase: ioc0: Initiating bringup
[    2.000285] ioc0: LSI53C1030 A0: Capabilities={Initiator}
[    2.170351] scsi host2: ioc0: LSI53C1030 A0, FwRev=00000000h, Ports=1, MaxQ=256, IRQ=20
[    2.285072] scsi 2:0:0:0: Direct-Access     VBOX     HARDDISK         1.0  PQ: 0 ANSI: 5
[    2.290511] scsi target2:0:0: Beginning Domain Validation
[    2.296016] scsi target2:0:0: Domain Validation skipping write tests
[    2.296830] scsi target2:0:0: Ending Domain Validation
[    2.297527] scsi target2:0:0: asynchronous
[    2.298732] scsi 2:0:1:0: Direct-Access     VBOX     HARDDISK         1.0  PQ: 0 ANSI: 5
[    2.299716] scsi target2:0:1: Beginning Domain Validation
[    2.300856] scsi target2:0:1: Domain Validation skipping write tests
[    2.301565] scsi target2:0:1: Ending Domain Validation
[    2.302261] scsi target2:0:1: asynchronous
[    2.307389] sd 2:0:0:0: [sda] 83886080 512-byte logical blocks: (42.9 GB/40.0 GiB)
[    2.307485] sd 2:0:0:0: Attached scsi generic sg0 type 0
[    2.307831] sd 2:0:1:0: [sdb] 20480 512-byte logical blocks: (10.5 MB/10.0 MiB)
[    2.307864] sd 2:0:1:0: Attached scsi generic sg1 type 0
[    2.308013] sd 2:0:1:0: [sdb] Write Protect is off
[    2.308078] sd 2:0:1:0: [sdb] Incomplete mode parameter data
[    2.308079] sd 2:0:1:0: [sdb] Assuming drive cache: write through
[    2.309923] sd 2:0:1:0: [sdb] Attached SCSI disk
[    2.313729] sd 2:0:0:0: [sda] Write Protect is off
[    2.314416] sd 2:0:0:0: [sda] Incomplete mode parameter data
[    2.315048] sd 2:0:0:0: [sda] Assuming drive cache: write through
[    2.316621]  sda: sda1
[    2.317408] sd 2:0:0:0: [sda] Attached SCSI disk
Begin: Loading essential drivers ... [    3.538959] md: linear personality registered for level -1
[    3.542151] md: multipath personality registered for level -4
[    3.545562] md: raid0 personality registered for level 0
[    3.549366] md: raid1 personality registered for level 1
[    3.619738] raid6: mmxx1    gen()  8742 MB/s
[    3.687760] raid6: mmxx2    gen()  9751 MB/s
[    3.755661] raid6: sse1x1   gen()  9024 MB/s
[    3.823743] raid6: sse1x2   gen()  9789 MB/s
[    3.891710] raid6: sse2x1   gen() 16443 MB/s
[    3.959648] raid6: sse2x1   xor() 10621 MB/s
[    4.027737] raid6: sse2x2   gen() 20788 MB/s
[    4.095756] raid6: sse2x2   xor() 15954 MB/s
[    4.163715] raid6: avx2x1   gen() 35425 MB/s
[    4.231742] raid6: avx2x2   gen() 42889 MB/s
[    4.232420] raid6: using algorithm avx2x2 gen() 42889 MB/s
[    4.233128] raid6: using avx2x1 recovery algorithm
[    4.235814] xor: automatically using best checksumming function:
[    4.275671]    avx       : 30791.000 MB/sec
[    4.277897] async_tx: api initialized (async)
[    4.290536] md: raid6 personality registered for level 6
[    4.291202] md: raid5 personality registered for level 5
[    4.291832] md: raid4 personality registered for level 4
[    4.298026] md: raid10 personality registered for level 10
done.
Begin: Running /scripts/init-premount ... done.
Begin: Mounting root file system ... Begin: Running /scripts/local-top ... done.
Begin: Running /scripts/local-premount ... [    4.325095] Btrfs loaded
Scanning for Btrfs filesystems
done.
Warning: fsck not present, so skipping root file system
[    4.344347] EXT4-fs (sda1): mounted filesystem with ordered data mode. Opts: (null)
done.
Begin: Running /scripts/local-bottom ... done.
Begin: Running /scripts/init-bottom ... done.
[    4.398804] systemd[1]: systemd 229 running in system mode. (+PAM +AUDIT +SELINUX +IMA +APPARMOR +SMACK +SYSVINIT +UTMP +LIBCRYPTSETUP +GCRYPT +GNUTLS +ACL +XZ -LZ4 +SECCOMP +BLKID +ELFUTILS +KMOD -IDN)
[    4.401081] systemd[1]: Detected virtualization oracle.
[    4.401719] systemd[1]: Detected architecture x86.

Welcome to [1mUbuntu 16.04.7 LTS[0m!

[    4.403953] systemd[1]: Set hostname to <ubuntu-xenial>.
[    4.489031] systemd[1]: Listening on Journal Audit Socket.
[[0;32m  OK  [0m] Listening on Journal Audit Socket.
[    4.490359] systemd[1]: Reached target Swap.
[[0;32m  OK  [0m] Reached target Swap.
[    4.491439] systemd[1]: Started Trigger resolvconf update for networkd DNS.
[[0;32m  OK  [0m] Started Trigger resolvconf update for networkd DNS.
[    4.492874] systemd[1]: Listening on Syslog Socket.
[[0;32m  OK  [0m] Listening on Syslog Socket.
[    4.494021] systemd[1]: Listening on LVM2 poll daemon socket.
[[0;32m  OK  [0m] Listening on LVM2 poll daemon socket.
[    4.495303] systemd[1]: Listening on Journal Socket.
[[0;32m  OK  [0m] Listening on Journal Socket.
[    4.504719] systemd[1]: Listening on Journal Socket (/dev/log).
[[0;32m  OK  [0m] Listening on Journal Socket (/dev/log).
[    4.506079] systemd[1]: Listening on fsck to fsckd communication Socket.
[[0;32m  OK  [0m] Listening on fsck to fsckd communication Socket.
[    4.507520] systemd[1]: Listening on /dev/initctl Compatibility Named Pipe.
[[0;32m  OK  [0m] Listening on /dev/initctl Compatibility Named Pipe.
[    4.508912] systemd[1]: Listening on udev Control Socket.
[[0;32m  OK  [0m] Listening on udev Control Socket.
[    4.510030] systemd[1]: Started Forward Password Requests to Wall Directory Watch.
[[0;32m  OK  [0m] Started Forward Password Requests to Wall Directory Watch.
[    4.511819] systemd[1]: Created slice System Slice.
[[0;32m  OK  [0m] Created slice System Slice.
[    4.524720] systemd[1]: Mounting Huge Pages File System...
         Mounting Huge Pages File System...
[    4.526328] systemd[1]: Starting Set console keymap...
         Starting Set console keymap...
[    4.527975] systemd[1]: Mounting POSIX Message Queue File System...
         Mounting POSIX Message Queue File System...
[    4.530724] systemd[1]: Starting Load Kernel Modules...
         Starting Load Kernel Modules...
[    4.532307] systemd[1]: Starting File System Check on Root Device...
         Starting File System Check on Root Device...
[    4.533519] systemd[1]: Listening on LVM2 metadata daemon socket.
[[0;32m  OK  [0m] Listening on LVM2 metadata daemon socket.
[    4.535413] systemd[1]: Reached target Encrypted Volumes.
[[0;32m  OK  [0m] Reached target Encrypted Volumes.
[    4.537543] systemd[1]: Set up automount Arbitrary Executable File Formats File System Automount Point.
[[0;32m  OK  [0m] Set up automount Arbitrary Executab...ats File System Automount Point.
[    4.539942] systemd[1]: Reached target User and Group Name Lookups.
[[0;32m  OK  [0m] Reached target User and Group Name Lookups.
[    4.541612] systemd[1]: Created slice User and Session Slice.
[[0;32m  OK  [0m] Created slice User and Session Slice.
[    4.542960] systemd[1]: Reached target Slices.
[[0;32m  OK  [0m] Reached target Slices.
[    4.544261] Loading iSCSI transport class v2.0-870.
[    4.545152] systemd[1]: Created slice system-serial\x2dgetty.slice.
[[0;32m  OK  [0m] Created slice system-serial\x2dgetty.slice.
[    4.546414] systemd[1]: Listening on udev Kernel Socket.
[[0;32m  OK  [0m] Listening on udev Kernel Socket.
[    4.547612] systemd[1]: Listening on Device-mapper event daemon FIFOs.
[[0;32m  OK  [0m] Listening on Device-mapper event daemon FIFOs.
[    4.556364] iscsi: registered transport (tcp)
[    4.563906] systemd[1]: Starting Monitoring of LVM2 mirrors, snapshots etc. using dmeventd or progress polling...
         Starting Monitoring of LVM2 mirrors... dmeventd or progress polling...
[    4.572233] systemd[1]: Starting Create list of required static device nodes for the current kernel...
         Starting Create list of required st... nodes for the current kernel...
[    4.578164] systemd[1]: Starting Uncomplicated firewall...
         Starting Uncomplicated firewall...
[    4.580434] systemd[1]: Reached target System Time Synchronized.
[[0;32m  OK  [0m] Reached target System Time Synchronized.
[    4.582466] systemd[1]: Mounting Debug File System...
         Mounting Debug File System...
[    4.583980] systemd[1]: Starting Nameserver information manager...
         Starting Nameserver information manager...
[    4.586340] systemd[1]: Starting Journal Service...
         Starting Journal Service...
[    4.588486] systemd[1]: Mounted Huge Pages File System.
[[0;32m  OK  [0m] Mounted Huge Pages File System.
[    4.589635] systemd[1]: Mounted POSIX Message Queue File System.
[[    4.590532] iscsi: registered transport (iser)
[0;32m  OK  [0m] Mounted POSIX Message Queue File System.
[    4.591769] systemd[1]: Mounted Debug File System.
[[0;32m  OK  [0m] Mounted Debug File System.
[    4.593236] systemd[1]: Started Set console keymap.
[[0;32m  OK  [0m] Started Set console keymap.
[    4.595092] systemd[1]: Started Load Kernel Modules.
[[0;32m  OK  [0m] Started Load Kernel Modules.
[    4.596688] systemd[1]: Started File System Check on Root Device.
[[0;32m  OK  [0m] Started File System Check on Root Device.
[    4.598199] systemd[1]: Started Create list of required static device nodes for the current kernel.
[[0;32m  OK  [0m] Started Create list of required sta...ce nodes for the current kernel.
[    4.600359] systemd[1]: Started Uncomplicated firewall.
[[0;32m  OK  [0m] Started Uncomplicated firewall.
[    4.603608] systemd[1]: Started LVM2 metadata daemon.
[[0;32m  OK  [0m] Started LVM2 metadata daemon.
[    4.605481] systemd[1]: Started File System Check Daemon to report status.
[[0;32m  OK  [0m] Started File System Check Daemon to report status.
[    4.608733] systemd[1]: Starting Create Static Device Nodes in /dev...
         Starting Create Static Device Nodes in /dev...
[    4.610890] systemd[1]: Starting Remount Root and Kernel File Systems...
         Starting Remount Root and Kernel File Systems...
[    4.613451] systemd[1]: Starting Apply Kernel Variables...
         Starting Apply Kernel Variables...
[    4.615501] systemd[1]: Mounting FUSE Control File System...
         Mounting FUSE Control File System...
[    4.617101] EXT4-fs (sda1): re-mounted. Opts: (null)
[    4.617531] systemd[1]: Mounted FUSE Control File System.
[[0;32m  OK  [0m] Mounted FUSE Control File System.
[    4.619735] systemd[1]: Started Journal Service.
[[0;32m  OK  [0m] Started Journal Service.
[[0;32m  OK  [0m] Started Nameserver information manager.
[[0;32m  OK  [0m] Started Remount Root and Kernel File Systems.
[[0;32m  OK  [0m] Started Create Static Device Nodes in /dev.
[[0;32m  OK  [0m] Started Apply Kernel Variables.
         Starting udev Kernel Device Manager...
         Starting Load/Save Random Seed...
         Starting udev Coldplug all Devices...
         Starting Flush Journal to Persistent Storage...
[[0;32m  OK  [0m] Started Load/Save Random Seed.
[[0;32m  OK  [0m] Started Flush Journal to Persistent Storage.
[[0;32m  OK  [0m] Started udev Kernel Device Manager.
[[0;32m  OK  [0m] Started udev Coldplug all Devices.
[[0;32m  OK  [0m] Started Dispatch Password Requests to Console Directory Watch.
[[0;32m  OK  [0m] Found device /dev/ttyS0.
[[0;32m  OK  [0m] Listening on Load/Save RF Kill Switch Status /dev/rfkill Watch.
[[0;32m  OK  [0m] Found device 82540EM Gigabit Ethern...r (PRO/1000 MT Desktop Adapter).
[[0;32m  OK  [0m] Started Monitoring of LVM2 mirrors,...ng dmeventd or progress polling.
[[0;32m  OK  [0m] Reached target Local File Systems (Pre).
[[0;32m  OK  [0m] Reached target Local File Systems.
         Starting Create Volatile Files and Directories...
         Starting Set console font and keymap...
         Starting Initial cloud-init job (pre-networking)...
         Starting LSB: AppArmor initialization...
         Starting Tell Plymouth To Write Out Runtime Data...
[[0;32m  OK  [0m] Started Create Volatile Files and Directories.
[[0;32m  OK  [0m] Started Tell Plymouth To Write Out Runtime Data.
         Starting Update UTMP about System Boot/Shutdown...
[[0;32m  OK  [0m] Started Update UTMP about System Boot/Shutdown.
[[0;32m  OK  [0m] Started LSB: AppArmor initialization.
         Starting Load AppArmor profiles managed internally by snapd...
[[0;32m  OK  [0m] Started Load AppArmor profiles managed internally by snapd.
[[0;32m  OK  [0m] Started Set console font and keymap.
[[0;32m  OK  [0m] Created slice system-getty.slice.
[    5.512871] cloud-init[612]: Cloud-init v. 21.1-19-gbad84ad4-0ubuntu1~16.04.2 running 'init-local' at Mon, 04 Jul 2022 05:07:56 +0000. Up 5.35 seconds.
[[0;32m  OK  [0m] Started Initial cloud-init job (pre-networking).
[[0;32m  OK  [0m] Reached target Network (Pre).
         Starting Raise network interfaces...
[[0;32m  OK  [0m] Started ifup for enp0s3.
[[0;32m  OK  [0m] Started Raise network interfaces.
         Starting Initial cloud-init job (metadata service crawler)...
[[0;32m  OK  [0m] Reached target Network.
[    5.963132] cloud-init[972]: Cloud-init v. 21.1-19-gbad84ad4-0ubuntu1~16.04.2 running 'init' at Mon, 04 Jul 2022 05:07:56 +0000. Up 5.82 seconds.
[    5.964029] cloud-init[972]: ci-info: ++++++++++++++++++++++++++++++++++++++Net device info++++++++++++++++++++++++++++++++++++++
[    5.972321] cloud-init[972]: ci-info: +--------+------+----------------------------+---------------+--------+-------------------+
[    5.980327] cloud-init[972]: ci-info: | Device |  Up  |          Address           |      Mask     | Scope  |     Hw-Address    |
[    5.981285] cloud-init[972]: ci-info: +--------+------+----------------------------+---------------+--------+-------------------+
[    5.982248] cloud-init[972]: ci-info: | enp0s3 | True |         10.0.2.15          | 255.255.255.0 | global | 02:4c:f1:9f:ae:47 |
[    5.983238] cloud-init[972]: ci-info: | enp0s3 | True | fe80::4c:f1ff:fe9f:ae47/64 |       .       |  link  | 02:4c:f1:9f:ae:47 |
[    5.984240] cloud-init[972]: ci-info: |   lo   | True |         127.0.0.1          |   255.0.0.0   |  host  |         .         |
[    5.985218] cloud-init[972]: ci-info: |   lo   | True |          ::1/128           |       .       |  host  |         .         |
[    5.986136] cloud-init[972]: ci-info: +--------+------+----------------------------+---------------+--------+-------------------+
[[0;32m  OK  [0m] Started Initial cloud-init job (metadata service crawler).
[[0;32m  OK  [0m] Reached target System Initialization.
[    5.987359] cloud-init[972]: ci-info: +++++++++++++++++++++++++++Route IPv4 info++++++++++++++++++++++++++++
[    5.997060] cloud-init[972]: ci-info: +-------+-------------+----------+---------------+-----------+-------+
[    5.997847] cloud-init[972]: ci-info: | Route | Destination | Gateway  |    Genmask    | Interface | Flags |
[    5.998606] cloud-init[972]: ci-info: +-------+-------------+----------+---------------+-----------+-------+
[    5.999360] cloud-init[972]: ci-info: |   0   |   0.0.0.0   | 10.0.2.2 |    0.0.0.0    |   enp0s3  |   UG  |
[    6.000145] cloud-init[972]: ci-info: |   1   |   10.0.2.0  | 0.0.0.0  | 255.255.255.0 |   enp0s3  |   U   |
[[0;32m  OK  [0m] Started Message of the Day.
[[0;32m  OK  [0m] Started Daily apt download activities.
         Starting Socket activation for snappy daemon.
[[0;32m  OK  [0m] Started Daily apt upgrade and clean activities.
[[0;32m  OK  [0m] Listening on UUID daemon activation socket.
[[0;32m  OK  [0m] Started Ubuntu Advantage Timer for running repeated jobs.
[[0;32m  OK  [0m] Started Daily Cleanup of Temporary Directories.
[    6.003115] cloud-init[972]: ci-info: +-------+-------------+----------+---------------+-----------+-------+
[    6.074614] cloud-init[972]: ci-info: +++++++++++++++++++Route IPv6 info+++++++++++++++++++
[    6.139091] cloud-init[972]: ci-info: +-------+-------------+---------+-----------+-------+
[    6.149285] cloud-init[972]: ci-info: | Route | Destination | Gateway | Interface | Flags |
[[0;32m  OK  [0m] Started ACPI Events Check.
[[0;32m  OK  [0m] Reached target Paths.
[[0;32m  OK  [0m] Reached target Timers.
[[0;32m  OK  [0m] Listening on ACPID Listen Socket.
[    6.152058] cloud-init[972]: ci-info: +-------+-------------+---------+-----------+-------+
[    6.157171] cloud-init[972]: ci-info: |   0   |  fe80::/64  |    ::   |   enp0s3  |   U   |
         Starting LXD - unix socket.
[[0;32m  OK  [0m] Listening on D-Bus System Message Bus Socket.
[[0;32m  OK  [0m] Reached target Cloud-config availability.
[[0;32m  OK  [0m] Reached target Network is Online.
[    6.166801] cloud-init[972]: ci-info: |   3   |   ff00::/8  |    ::   |   enp0s3  |   U   |
[    6.176621] cloud-init[972]: ci-info: +-------+-------------+---------+-----------+-------+
         Starting iSCSI initiator daemon (iscsid)...
[[0;32m  OK  [0m] Listening on Socket activation for snappy daemon.
[[0;32m  OK  [0m] Listening on LXD - unix socket.
[[0;32m  OK  [0m] Reached target Sockets.
[[0;32m  OK  [0m] Reached target Basic System.
         Starting Advanced key-value store...
         Starting OpenBSD Secure Shell server...
[[0;32m  OK  [0m] Started Deferred execution scheduler.
[[0;32m  OK  [0m] Started ACPI event daemon.
         Starting LSB: Record successful boot for GRUB...
[[0;32m  OK  [0m] Started D-Bus System Message Bus.
         Starting /etc/rc.local Compatibility...
[[0;32m  OK  [0m] Started FUSE filesystem for LXC.
[[0;32m  OK  [0m] Started An object/document-oriented database.
         Starting Login Service...
         Starting System Logging Service...
         Starting Accounts Service...
         Starting Virtualbox guest utils...
         Starting Snap Daemon...
         Starting LSB: MD monitoring daemon...
         Starting LXD - container startup/shutdown...
[[0;32m  OK  [0m] Started Regular background program processing daemon.
[[0;32m  OK  [0m] Started /etc/rc.local Compatibility.
[[0;32m  OK  [0m] Started System Logging Service.
[[0;32m  OK  [0m] Started Login Service.
[[0;32m  OK  [0m] Started Unattended Upgrades Shutdown.
[[0;32m  OK  [0m] Started iSCSI initiator daemon (iscsid).
         Starting Login to default iSCSI targets...
[[0;32m  OK  [0m] Started LSB: Record successful boot for GRUB.
[[0;32m  OK  [0m] Started LSB: MD monitoring daemon.
[[0;32m  OK  [0m] Started Login to default iSCSI targets.
[[0;32m  OK  [0m] Started OpenBSD Secure Shell server.
         Starting Authenticate and Authorize Users to Run Privileged Tasks...
[[0;32m  OK  [0m] Reached target Remote File Systems (Pre).
         Mounting /vagrant...
         Mounting /home/vagrant/app...
[[0;1;31mFAILED[0m] Failed to mount /home/vagrant/app.
See 'systemctl status home-vagrant-app.mount' for details.
[[0;1;33mDEPEND[0m] Dependency failed for Remote File Systems.
         Starting LSB: Set the CPU Frequency Scaling governor to "ondemand"...
         Starting LSB: automatic crash report generation...
         Starting LSB: daemon to balance interrupts for SMP systems...
         Starting Permit User Sessions...
[[0;32m  OK  [0m] Started Permit User Sessions.
         Starting Hold until boot process finishes up...
         Starting Terminate Plymouth Boot Screen...
[[0;32m  OK  [0m] Started Hold until boot process finishes up.
         Starting Set console scheme...
[[0;32m  OK  [0m] Started Serial Getty on ttyS0.
[[0;32m  OK  [0m] Started Getty on tty1.
[[0;32m  OK  [0m] Reached target Login Prompts.
[[0;1;31mFAILED[0m] Failed to mount /vagrant.
See 'systemctl status vagrant.mount' for details.
[[0;32m  OK  [0m] Started Terminate Plymouth Boot Screen.
[[0;32m  OK  [0m] Started Set console scheme.
[[0;32m  OK  [0m] Started LXD - container startup/shutdown.
[[0;32m  OK  [0m] Started Authenticate and Authorize Users to Run Privileged Tasks.
[[0;32m  OK  [0m] Started Accounts Service.
[[0;32m  OK  [0m] Started Advanced key-value store.
[[0;32m  OK  [0m] Started LSB: daemon to balance interrupts for SMP systems.
[[0;32m  OK  [0m] Started LSB: automatic crash report generation.
[[0;32m  OK  [0m] Started LSB: Set the CPU Frequency Scaling governor to "ondemand".
[[0;32m  OK  [0m] Started Virtualbox guest utils.
[[0;32m  OK  [0m] Started Snap Daemon.
         Starting Wait until snapd is fully seeded...
[[0;32m  OK  [0m] Started Wait until snapd is fully seeded.
         Starting Apply the settings specified in cloud-config...
[    6.796905] cloud-init[1262]: Cloud-init v. 21.1-19-gbad84ad4-0ubuntu1~16.04.2 running 'modules:config' at Mon, 04 Jul 2022 05:07:57 +0000. Up 6.74 seconds.
[[0;32m  OK  [0m] Started Apply the settings specified in cloud-config.
         Starting cloud-id shim...
[[0;32m  OK  [0m] Started cloud-id shim.
[[0;32m  OK  [0m] Reached target Multi-User System.
[[0;32m  OK  [0m] Reached target Graphical Interface.
         Starting Update UTMP about System Runlevel Changes...
         Starting Execute cloud user/final scripts...
[[0;32m  OK  [0m] Started Update UTMP about System Runlevel Changes.
[    7.226005] cloud-init[1279]: Cloud-init v. 21.1-19-gbad84ad4-0ubuntu1~16.04.2 running 'modules:final' at Mon, 04 Jul 2022 05:07:58 +0000. Up 7.16 seconds.
[    7.226960] cloud-init[1279]: Cloud-init v. 21.1-19-gbad84ad4-0ubuntu1~16.04.2 finished at Mon, 04 Jul 2022 05:07:58 +0000. Datasource DataSourceNoCloud [seed=/dev/sdb][dsmode=net].  Up 7.22 seconds
[[0;32m  OK  [0m] Started Execute cloud user/final scripts.
[[0;32m  OK  [0m] Reached target Cloud-init target.

Ubuntu 16.04.7 LTS ubuntu-xenial ttyS0

ubuntu-xenial login: [[0;32m  OK  [0m] Stopped target Graphical Interface.
[[0;32m  OK  [0m] Closed Load/Save RF Kill Switch Status /dev/rfkill Watch.
[[0;32m  OK  [0m] Stopped target Timers.
[[0;32m  OK  [0m] Stopped Ubuntu Advantage Timer for running repeated jobs.
[[0;32m  OK  [0m] Stopped Daily Cleanup of Temporary Directories.
[[0;32m  OK  [0m] Stopped Daily apt upgrade and clean activities.
[[0;32m  OK  [0m] Stopped Daily apt download activities.
         Stopping ACPI event daemon...
         Unmounting /vagrant...
         Stopping Accounts Service...
[[0;32m  OK  [0m] Stopped target Cloud-init target.
[[0;32m  OK  [0m] Stopped Execute cloud user/final scripts.
         Stopping Authenticate and Authorize Users to Run Privileged Tasks...
         Stopping User Manager for UID 1000...
[[0;32m  OK  [0m] Stopped Apply the settings specified in cloud-config.
[[0;32m  OK  [0m] Stopped target Cloud-config availability.
         Stopping Session 4 of user vagrant.
[[0;32m  OK  [0m] Stopped Message of the Day.
[[0;32m  OK  [0m] Stopped target System Time Synchronized.
[[0;32m  OK  [0m] Stopped target Multi-User System.
[[0;32m  OK  [0m] Stopped target Login Prompts.
         Stopping Getty on tty1...
         Stopping Serial Getty on ttyS0...
         Stopping LSB: daemon to balance interrupts for SMP systems...
         Stopping An object/document-oriented database...
         Stopping FUSE filesystem for LXC...
         Stopping Regular background program processing daemon...
         Stopping Deferred execution scheduler...
         Stopping LSB: Set the CPU Frequency Scaling governor to "ondemand"...
         Stopping LSB: Record successful boot for GRUB...
         Stopping LSB: automatic crash report generation...
[[0;32m  OK  [0m] Stopped Wait until snapd is fully seeded.
         Stopping LXD - container startup/shutdown...
         Stopping System Logging Service...
         Stopping D-Bus System Message Bus...
         Stopping OpenBSD Secure Shell server...
         Stopping Virtualbox guest utils...
         Stopping LSB: MD monitoring daemon...
         Stopping Advanced key-value store...
         Unmounting /home/vagrant/app...
[[0;32m  OK  [0m] Unmounted /var/lib/lxcfs.
[[0;32m  OK  [0m] Stopped Deferred execution scheduler.
[[0;32m  OK  [0m] Stopped An object/document-oriented database.
[[0;32m  OK  [0m] Stopped System Logging Service.
[[0;32m  OK  [0m] Stopped Accounts Service.
[[0;32m  OK  [0m] Stopped Regular background program processing daemon.
[[0;32m  OK  [0m] Stopped OpenBSD Secure Shell server.
[[0;32m  OK  [0m] Stopped Authenticate and Authorize Users to Run Privileged Tasks.
[[0;32m  OK  [0m] Stopped Serial Getty on ttyS0.
[[0;32m  OK  [0m] Stopped Getty on tty1.
[[0;32m  OK  [0m] Stopped User Manager for UID 1000.
[[0;32m  OK  [0m] Stopped ACPI event daemon.
[[0;32m  OK  [0m] Unmounted /vagrant.
[[0;32m  OK  [0m] Stopped Session 4 of user vagrant.
[[0;32m  OK  [0m] Stopped D-Bus System Message Bus.
[[0;32m  OK  [0m] Stopped FUSE filesystem for LXC.
[[0;1;31mFAILED[0m] Failed unmounting /home/vagrant/app.
[[0;32m  OK  [0m] Stopped LXD - container startup/shutdown.
[[0;32m  OK  [0m] Stopped LSB: daemon to balance interrupts for SMP systems.
[[0;32m  OK  [0m] Stopped LSB: Set the CPU Frequency Scaling governor to "ondemand".
[[0;32m  OK  [0m] Stopped LSB: Record successful boot for GRUB.
[[0;32m  OK  [0m] Stopped Virtualbox guest utils.
[[0;32m  OK  [0m] Stopped target Remote File Systems (Pre).
         Stopping Login to default iSCSI targets...
[[0;32m  OK  [0m] Removed slice User Slice of vagrant.
         Stopping Login Service...
[[0;32m  OK  [0m] Removed slice system-getty.slice.
[[0;32m  OK  [0m] Removed slice system-serial\x2dgetty.slice.
[[0;32m  OK  [0m] Stopped /etc/rc.local Compatibility.
         Stopping Permit User Sessions...
[[0;32m  OK  [0m] Stopped LSB: automatic crash report generation.
[[0;32m  OK  [0m] Stopped LSB: MD monitoring daemon.
[[0;32m  OK  [0m] Stopped Permit User Sessions.
[[0;32m  OK  [0m] Stopped Login to default iSCSI targets.
         Stopping iSCSI initiator daemon (iscsid)...
[[0;32m  OK  [0m] Stopped iSCSI initiator daemon (iscsid).
[[0;32m  OK  [0m] Stopped target Network is Online.
[[0;32m  OK  [0m] Stopped Advanced key-value store.
[[0;32m  OK  [0m] Stopped target Network.
[[0;32m  OK  [0m] Stopped Login Service.
[[0;32m  OK  [0m] Stopped target User and Group Name Lookups.
[[0;32m  OK  [0m] Stopped target Basic System.
[[0;32m  OK  [0m] Stopped target Paths.
[[0;32m  OK  [0m] Stopped Forward Password Requests to Wall Directory Watch.
[[0;32m  OK  [0m] Stopped ACPI Events Check.
[[0;32m  OK  [0m] Stopped Dispatch Password Requests to Console Directory Watch.
[[0;32m  OK  [0m] Stopped target Slices.
[[0;32m  OK  [0m] Removed slice User and Session Slice.
[[0;32m  OK  [0m] Stopped target Sockets.
[[0;32m  OK  [0m] Closed UUID daemon activation socket.
[[0;32m  OK  [0m] Closed Socket activation for snappy daemon.
[[0;32m  OK  [0m] Closed LXD - unix socket.
[[0;32m  OK  [0m] Closed Syslog Socket.
[[0;32m  OK  [0m] Closed ACPID Listen Socket.
[[0;32m  OK  [0m] Closed D-Bus System Message Bus Socket.
[[0;32m  OK  [0m] Stopped target System Initialization.
[[0;32m  OK  [0m] Stopped Initial cloud-init job (metadata service crawler).
         Stopping Raise network interfaces...
         Stopping Load/Save Random Seed...
[[0;32m  OK  [0m] Stopped target Encrypted Volumes.
[[0;32m  OK  [0m] Stopped target Swap.
         Stopping Update UTMP about System Boot/Shutdown...
[[0;32m  OK  [0m] Stopped Load/Save Random Seed.
[[0;32m  OK  [0m] Stopped Update UTMP about System Boot/Shutdown.
[[0;32m  OK  [0m] Stopped Create Volatile Files and Directories.
[[0;32m  OK  [0m] Stopped Raise network interfaces.
[[0;32m  OK  [0m] Stopped target Network (Pre).
[[0;32m  OK  [0m] Stopped Initial cloud-init job (pre-networking).
[[0;32m  OK  [0m] Stopped target Local File Systems.
         Unmounting /run/user/1000...
[[0;32m  OK  [0m] Stopped Apply Kernel Variables.
[[0;32m  OK  [0m] Stopped Load Kernel Modules.
[[0;32m  OK  [0m] Unmounted /run/user/1000.
[[0;32m  OK  [0m] Reached target Unmount All Filesystems.
[[0;32m  OK  [0m] Stopped target Local File Systems (Pre).
[[0;32m  OK  [0m] Stopped Remount Root and Kernel File Systems.
         Stopping Monitoring of LVM2 mirrors... dmeventd or progress polling...
[[0;32m  OK  [0m] Stopped Create Static Device Nodes in /dev.
[[0;32m  OK  [0m] Reached target Shutdown.
[ 1069.168995] reboot: Power down
